<?xml version="1.0" encoding="UTF-8"?>
<!-- Generated by org.testng.reporters.JUnitReportReporter -->
<testsuite skipped="0" hostname="DESKTOP-2N809PP" name="AN.EX5" tests="1" failures="0" timestamp="04 Apr 2019 06:11:20 GMT" time="280.106" errors="0">
  <testcase name="ClaimPage" time="280.106" classname="AN.EX5"/>
</testsuite> <!-- AN.EX5 -->
