<?xml version="1.0" encoding="UTF-8"?>
<!-- Generated by org.testng.reporters.JUnitReportReporter -->
<testsuite skipped="0" hostname="DESKTOP-2N809PP" name="AN.TR4" tests="1" failures="0" timestamp="02 Apr 2019 06:02:13 GMT" time="155.370" errors="0">
  <testcase name="navigationPage" time="155.370" classname="AN.TR4"/>
</testsuite> <!-- AN.TR4 -->
