<?xml version="1.0" encoding="UTF-8"?>
<!-- Generated by org.testng.reporters.JUnitReportReporter -->
<testsuite skipped="0" hostname="DESKTOP-2N809PP" name="AN.EX3" tests="1" failures="0" timestamp="03 Apr 2019 10:10:10 GMT" time="181.064" errors="0">
  <testcase name="ClaimPage" time="181.064" classname="AN.EX3"/>
</testsuite> <!-- AN.EX3 -->
