<?xml version="1.0" encoding="UTF-8"?>
<!-- Generated by org.testng.reporters.JUnitReportReporter -->
<testsuite skipped="0" hostname="DESKTOP-2N809PP" name="AN.TR3" tests="1" failures="0" timestamp="02 Apr 2019 05:58:33 GMT" time="191.269" errors="0">
  <testcase name="navigationPage" time="191.269" classname="AN.TR3"/>
</testsuite> <!-- AN.TR3 -->
