<?xml version="1.0" encoding="UTF-8"?>
<!-- Generated by org.testng.reporters.JUnitReportReporter -->
<testsuite skipped="0" hostname="DESKTOP-2N809PP" name="AN.TR5" tests="1" failures="0" timestamp="02 Apr 2019 07:08:49 GMT" time="298.996" errors="0">
  <testcase name="navigationPage" time="298.996" classname="AN.TR5"/>
</testsuite> <!-- AN.TR5 -->
