<?xml version="1.0" encoding="UTF-8"?>
<!-- Generated by org.testng.reporters.JUnitReportReporter -->
<testsuite skipped="0" hostname="DESKTOP-2N809PP" name="AN.TR8" tests="1" failures="0" timestamp="02 Apr 2019 11:16:27 GMT" time="136.818" errors="0">
  <testcase name="navigationPage" time="136.818" classname="AN.TR8"/>
</testsuite> <!-- AN.TR8 -->
