<?xml version="1.0" encoding="UTF-8"?>
<!-- Generated by org.testng.reporters.JUnitReportReporter -->
<testsuite skipped="0" hostname="DESKTOP-2N809PP" name="AN.EX2" tests="1" failures="0" timestamp="03 Apr 2019 10:01:21 GMT" time="113.230" errors="0">
  <testcase name="ClaimPage" time="113.230" classname="AN.EX2"/>
</testsuite> <!-- AN.EX2 -->
