<?xml version="1.0" encoding="UTF-8"?>
<!-- Generated by org.testng.reporters.JUnitReportReporter -->
<testsuite skipped="0" hostname="DESKTOP-2N809PP" name="AN.ER8" tests="1" failures="0" timestamp="04 Apr 2019 09:08:06 GMT" time="107.214" errors="0">
  <testcase name="navigationPage" time="107.214" classname="AN.ER8"/>
</testsuite> <!-- AN.ER8 -->
