<?xml version="1.0" encoding="UTF-8"?>
<!-- Generated by org.testng.reporters.JUnitReportReporter -->
<testsuite skipped="0" hostname="DESKTOP-2N809PP" name="AN.EX7" tests="1" failures="0" timestamp="04 Apr 2019 06:58:35 GMT" time="244.757" errors="0">
  <testcase name="ClaimPage" time="244.757" classname="AN.EX7"/>
</testsuite> <!-- AN.EX7 -->
