<?xml version="1.0" encoding="UTF-8"?>
<!-- Generated by org.testng.reporters.JUnitReportReporter -->
<testsuite skipped="0" hostname="DESKTOP-2N809PP" name="AN.TR7" tests="1" failures="0" timestamp="02 Apr 2019 11:11:51 GMT" time="249.896" errors="0">
  <testcase name="navigationPage" time="249.896" classname="AN.TR7"/>
</testsuite> <!-- AN.TR7 -->
