<?xml version="1.0" encoding="UTF-8"?>
<!-- Generated by org.testng.reporters.JUnitReportReporter -->
<testsuite skipped="0" hostname="DESKTOP-2N809PP" name="AN.TR2" tests="1" failures="0" timestamp="02 Apr 2019 05:54:51 GMT" time="120.119" errors="0">
  <testcase name="navigationPage" time="120.119" classname="AN.TR2"/>
</testsuite> <!-- AN.TR2 -->
