<?xml version="1.0" encoding="UTF-8"?>
<!-- Generated by org.testng.reporters.JUnitReportReporter -->
<testsuite skipped="0" hostname="DESKTOP-2N809PP" name="AN.EX4" tests="1" failures="0" timestamp="03 Apr 2019 10:15:40 GMT" time="144.356" errors="0">
  <testcase name="ClaimPage" time="144.356" classname="AN.EX4"/>
</testsuite> <!-- AN.EX4 -->
