<?xml version="1.0" encoding="UTF-8"?>
<!-- Generated by org.testng.reporters.JUnitReportReporter -->
<testsuite skipped="0" hostname="DESKTOP-2N809PP" name="AN.TR6" tests="1" failures="0" timestamp="02 Apr 2019 11:03:22 GMT" time="215.589" errors="0">
  <testcase name="navigationPage" time="215.589" classname="AN.TR6"/>
</testsuite> <!-- AN.TR6 -->
